Performing C SOURCE FILE Test CMAKE_HAVE_LIBC_PTHREAD failed with the following output:
Change Dir: /home/zzh/maplab_ws2/src/createmap/cmake-build-debug/CMakeFiles/CMakeTmp

Run Build Command(s):/usr/bin/make cmTC_ce408/fast && /usr/bin/make -f CMakeFiles/cmTC_ce408.dir/build.make CMakeFiles/cmTC_ce408.dir/build
make[1]: Entering directory '/home/zzh/maplab_ws2/src/createmap/cmake-build-debug/CMakeFiles/CMakeTmp'
Building C object CMakeFiles/cmTC_ce408.dir/src.c.o
/usr/lib/ccache/cc   -DCMAKE_HAVE_LIBC_PTHREAD   -o CMakeFiles/cmTC_ce408.dir/src.c.o   -c /home/zzh/maplab_ws2/src/createmap/cmake-build-debug/CMakeFiles/CMakeTmp/src.c
Linking C executable cmTC_ce408
/home/zzh/clion-2019.2.5/bin/cmake/linux/bin/cmake -E cmake_link_script CMakeFiles/cmTC_ce408.dir/link.txt --verbose=1
/usr/lib/ccache/cc  -DCMAKE_HAVE_LIBC_PTHREAD    -rdynamic CMakeFiles/cmTC_ce408.dir/src.c.o  -o cmTC_ce408 
CMakeFiles/cmTC_ce408.dir/src.c.o：在函数‘main’中：
src.c:(.text+0x3c)：对‘pthread_create’未定义的引用
src.c:(.text+0x48)：对‘pthread_detach’未定义的引用
src.c:(.text+0x59)：对‘pthread_join’未定义的引用
src.c:(.text+0x6d)：对‘pthread_atfork’未定义的引用
collect2: error: ld returned 1 exit status
CMakeFiles/cmTC_ce408.dir/build.make:86: recipe for target 'cmTC_ce408' failed
make[1]: *** [cmTC_ce408] Error 1
make[1]: Leaving directory '/home/zzh/maplab_ws2/src/createmap/cmake-build-debug/CMakeFiles/CMakeTmp'
Makefile:121: recipe for target 'cmTC_ce408/fast' failed
make: *** [cmTC_ce408/fast] Error 2


Source file was:
#include <pthread.h>

void* test_func(void* data)
{
  return data;
}

int main(void)
{
  pthread_t thread;
  pthread_create(&thread, NULL, test_func, NULL);
  pthread_detach(thread);
  pthread_join(thread, NULL);
  pthread_atfork(NULL, NULL, NULL);
  pthread_exit(NULL);

  return 0;
}

Determining if the function pthread_create exists in the pthreads failed with the following output:
Change Dir: /home/zzh/maplab_ws2/src/createmap/cmake-build-debug/CMakeFiles/CMakeTmp

Run Build Command(s):/usr/bin/make cmTC_d36d2/fast && /usr/bin/make -f CMakeFiles/cmTC_d36d2.dir/build.make CMakeFiles/cmTC_d36d2.dir/build
make[1]: Entering directory '/home/zzh/maplab_ws2/src/createmap/cmake-build-debug/CMakeFiles/CMakeTmp'
Building C object CMakeFiles/cmTC_d36d2.dir/CheckFunctionExists.c.o
/usr/lib/ccache/cc   -DCHECK_FUNCTION_EXISTS=pthread_create   -o CMakeFiles/cmTC_d36d2.dir/CheckFunctionExists.c.o   -c /home/zzh/clion-2019.2.5/bin/cmake/linux/share/cmake-3.15/Modules/CheckFunctionExists.c
Linking C executable cmTC_d36d2
/home/zzh/clion-2019.2.5/bin/cmake/linux/bin/cmake -E cmake_link_script CMakeFiles/cmTC_d36d2.dir/link.txt --verbose=1
/usr/lib/ccache/cc  -DCHECK_FUNCTION_EXISTS=pthread_create    -rdynamic CMakeFiles/cmTC_d36d2.dir/CheckFunctionExists.c.o  -o cmTC_d36d2 -lpthreads 
/usr/bin/ld: 找不到 -lpthreads
collect2: error: ld returned 1 exit status
CMakeFiles/cmTC_d36d2.dir/build.make:86: recipe for target 'cmTC_d36d2' failed
make[1]: *** [cmTC_d36d2] Error 1
make[1]: Leaving directory '/home/zzh/maplab_ws2/src/createmap/cmake-build-debug/CMakeFiles/CMakeTmp'
Makefile:121: recipe for target 'cmTC_d36d2/fast' failed
make: *** [cmTC_d36d2/fast] Error 2



